{"/home/amcbroom/rithm/exercises/express-messagely/app.js": {"path":"/home/amcbroom/rithm/exercises/express-messagely/app.js","statementMap":{"0":{"start":{"line":6,"column":16},"end":{"line":6,"column":34}},"1":{"start":{"line":7,"column":13},"end":{"line":7,"column":28}},"2":{"start":{"line":8,"column":44},"end":{"line":8,"column":72}},"3":{"start":{"line":10,"column":26},"end":{"line":10,"column":51}},"4":{"start":{"line":11,"column":12},"end":{"line":11,"column":25}},"5":{"start":{"line":14,"column":0},"end":{"line":14,"column":24}},"6":{"start":{"line":15,"column":0},"end":{"line":15,"column":30}},"7":{"start":{"line":18,"column":0},"end":{"line":18,"column":16}},"8":{"start":{"line":21,"column":0},"end":{"line":21,"column":25}},"9":{"start":{"line":25,"column":19},"end":{"line":25,"column":43}},"10":{"start":{"line":26,"column":19},"end":{"line":26,"column":44}},"11":{"start":{"line":27,"column":22},"end":{"line":27,"column":50}},"12":{"start":{"line":29,"column":0},"end":{"line":29,"column":29}},"13":{"start":{"line":30,"column":0},"end":{"line":30,"column":30}},"14":{"start":{"line":31,"column":0},"end":{"line":31,"column":36}},"15":{"start":{"line":35,"column":0},"end":{"line":37,"column":3}},"16":{"start":{"line":36,"column":2},"end":{"line":36,"column":28}},"17":{"start":{"line":40,"column":0},"end":{"line":45,"column":3}},"18":{"start":{"line":41,"column":17},"end":{"line":41,"column":34}},"19":{"start":{"line":42,"column":18},"end":{"line":42,"column":29}},"20":{"start":{"line":43,"column":2},"end":{"line":43,"column":72}},"21":{"start":{"line":43,"column":39},"end":{"line":43,"column":72}},"22":{"start":{"line":44,"column":2},"end":{"line":44,"column":65}},"23":{"start":{"line":50,"column":0},"end":{"line":50,"column":21}}},"fnMap":{"0":{"name":"(anonymous_0)","decl":{"start":{"line":35,"column":8},"end":{"line":35,"column":9}},"loc":{"start":{"line":35,"column":34},"end":{"line":37,"column":1}},"line":35},"1":{"name":"(anonymous_1)","decl":{"start":{"line":40,"column":8},"end":{"line":40,"column":9}},"loc":{"start":{"line":40,"column":39},"end":{"line":45,"column":1}},"line":40}},"branchMap":{"0":{"loc":{"start":{"line":41,"column":17},"end":{"line":41,"column":34}},"type":"binary-expr","locations":[{"start":{"line":41,"column":17},"end":{"line":41,"column":27}},{"start":{"line":41,"column":31},"end":{"line":41,"column":34}}],"line":41},"1":{"loc":{"start":{"line":43,"column":2},"end":{"line":43,"column":72}},"type":"if","locations":[{"start":{"line":43,"column":2},"end":{"line":43,"column":72}},{"start":{},"end":{}}],"line":43}},"s":{"0":3,"1":3,"2":3,"3":3,"4":3,"5":3,"6":3,"7":3,"8":3,"9":3,"10":3,"11":3,"12":3,"13":3,"14":3,"15":3,"16":0,"17":3,"18":9,"19":9,"20":9,"21":0,"22":9,"23":3},"f":{"0":0,"1":9},"b":{"0":[9,0],"1":[0,9]},"_coverageSchema":"1a1c01bbd47fc00a2c39e90264f33305004495a9","hash":"79f1524e3e7659af14c42378a0e3436a46c1b4b3"}
,"/home/amcbroom/rithm/exercises/express-messagely/config.js": {"path":"/home/amcbroom/rithm/exercises/express-messagely/config.js","statementMap":{"0":{"start":{"line":7,"column":0},"end":{"line":7,"column":27}},"1":{"start":{"line":9,"column":15},"end":{"line":11,"column":31}},"2":{"start":{"line":13,"column":19},"end":{"line":13,"column":53}},"3":{"start":{"line":15,"column":27},"end":{"line":15,"column":29}},"4":{"start":{"line":18,"column":0},"end":{"line":22,"column":2}}},"fnMap":{},"branchMap":{"0":{"loc":{"start":{"line":9,"column":15},"end":{"line":11,"column":31}},"type":"cond-expr","locations":[{"start":{"line":10,"column":6},"end":{"line":10,"column":36}},{"start":{"line":11,"column":6},"end":{"line":11,"column":31}}],"line":9},"1":{"loc":{"start":{"line":13,"column":19},"end":{"line":13,"column":53}},"type":"binary-expr","locations":[{"start":{"line":13,"column":19},"end":{"line":13,"column":41}},{"start":{"line":13,"column":45},"end":{"line":13,"column":53}}],"line":13}},"s":{"0":5,"1":5,"2":5,"3":5,"4":5},"f":{},"b":{"0":[5,0],"1":[5,5]},"_coverageSchema":"1a1c01bbd47fc00a2c39e90264f33305004495a9","hash":"5568f1bb405244ea3e196f62a1ff0aeadf51f5af"}
,"/home/amcbroom/rithm/exercises/express-messagely/db.js": {"path":"/home/amcbroom/rithm/exercises/express-messagely/db.js","statementMap":{"0":{"start":{"line":6,"column":19},"end":{"line":6,"column":32}},"1":{"start":{"line":7,"column":19},"end":{"line":7,"column":38}},"2":{"start":{"line":9,"column":11},"end":{"line":9,"column":29}},"3":{"start":{"line":11,"column":0},"end":{"line":11,"column":13}},"4":{"start":{"line":14,"column":0},"end":{"line":14,"column":20}}},"fnMap":{},"branchMap":{},"s":{"0":5,"1":5,"2":5,"3":5,"4":5},"f":{},"b":{},"_coverageSchema":"1a1c01bbd47fc00a2c39e90264f33305004495a9","hash":"79987330d7ad84e06bb6b6395da324bf5d7ec74f"}
,"/home/amcbroom/rithm/exercises/express-messagely/expressError.js": {"path":"/home/amcbroom/rithm/exercises/express-messagely/expressError.js","statementMap":{"0":{"start":{"line":11,"column":4},"end":{"line":11,"column":12}},"1":{"start":{"line":12,"column":4},"end":{"line":12,"column":27}},"2":{"start":{"line":13,"column":4},"end":{"line":13,"column":25}},"3":{"start":{"line":21,"column":4},"end":{"line":21,"column":24}},"4":{"start":{"line":29,"column":4},"end":{"line":29,"column":24}},"5":{"start":{"line":37,"column":4},"end":{"line":37,"column":24}},"6":{"start":{"line":45,"column":4},"end":{"line":45,"column":24}},"7":{"start":{"line":49,"column":0},"end":{"line":55,"column":2}}},"fnMap":{"0":{"name":"(anonymous_0)","decl":{"start":{"line":10,"column":2},"end":{"line":10,"column":3}},"loc":{"start":{"line":10,"column":31},"end":{"line":14,"column":3}},"line":10},"1":{"name":"(anonymous_1)","decl":{"start":{"line":20,"column":2},"end":{"line":20,"column":3}},"loc":{"start":{"line":20,"column":37},"end":{"line":22,"column":3}},"line":20},"2":{"name":"(anonymous_2)","decl":{"start":{"line":28,"column":2},"end":{"line":28,"column":3}},"loc":{"start":{"line":28,"column":40},"end":{"line":30,"column":3}},"line":28},"3":{"name":"(anonymous_3)","decl":{"start":{"line":36,"column":2},"end":{"line":36,"column":3}},"loc":{"start":{"line":36,"column":39},"end":{"line":38,"column":3}},"line":36},"4":{"name":"(anonymous_4)","decl":{"start":{"line":44,"column":2},"end":{"line":44,"column":3}},"loc":{"start":{"line":44,"column":37},"end":{"line":46,"column":3}},"line":44}},"branchMap":{"0":{"loc":{"start":{"line":20,"column":14},"end":{"line":20,"column":35}},"type":"default-arg","locations":[{"start":{"line":20,"column":24},"end":{"line":20,"column":35}}],"line":20},"1":{"loc":{"start":{"line":28,"column":14},"end":{"line":28,"column":38}},"type":"default-arg","locations":[{"start":{"line":28,"column":24},"end":{"line":28,"column":38}}],"line":28},"2":{"loc":{"start":{"line":36,"column":14},"end":{"line":36,"column":37}},"type":"default-arg","locations":[{"start":{"line":36,"column":24},"end":{"line":36,"column":37}}],"line":36},"3":{"loc":{"start":{"line":44,"column":14},"end":{"line":44,"column":35}},"type":"default-arg","locations":[{"start":{"line":44,"column":24},"end":{"line":44,"column":35}}],"line":44}},"s":{"0":9,"1":9,"2":9,"3":0,"4":9,"5":0,"6":0,"7":5},"f":{"0":9,"1":0,"2":9,"3":0,"4":0},"b":{"0":[0],"1":[5],"2":[0],"3":[0]},"_coverageSchema":"1a1c01bbd47fc00a2c39e90264f33305004495a9","hash":"6b69ee3088ac0d0a80ab909db37d845228cf2b5d"}
,"/home/amcbroom/rithm/exercises/express-messagely/middleware/auth.js": {"path":"/home/amcbroom/rithm/exercises/express-messagely/middleware/auth.js","statementMap":{"0":{"start":{"line":5,"column":12},"end":{"line":5,"column":35}},"1":{"start":{"line":6,"column":23},"end":{"line":6,"column":43}},"2":{"start":{"line":7,"column":30},"end":{"line":7,"column":56}},"3":{"start":{"line":13,"column":2},"end":{"line":21,"column":3}},"4":{"start":{"line":14,"column":29},"end":{"line":14,"column":64}},"5":{"start":{"line":15,"column":20},"end":{"line":15,"column":60}},"6":{"start":{"line":16,"column":4},"end":{"line":16,"column":30}},"7":{"start":{"line":17,"column":4},"end":{"line":17,"column":18}},"8":{"start":{"line":20,"column":4},"end":{"line":20,"column":18}},"9":{"start":{"line":27,"column":2},"end":{"line":27,"column":54}},"10":{"start":{"line":27,"column":24},"end":{"line":27,"column":54}},"11":{"start":{"line":29,"column":2},"end":{"line":29,"column":16}},"12":{"start":{"line":35,"column":22},"end":{"line":35,"column":37}},"13":{"start":{"line":36,"column":34},"end":{"line":36,"column":79}},"14":{"start":{"line":38,"column":0},"end":{"line":40,"column":1}},"15":{"start":{"line":39,"column":2},"end":{"line":39,"column":32}},"16":{"start":{"line":42,"column":2},"end":{"line":42,"column":16}},"17":{"start":{"line":47,"column":0},"end":{"line":51,"column":2}}},"fnMap":{"0":{"name":"authenticateJWT","decl":{"start":{"line":12,"column":9},"end":{"line":12,"column":24}},"loc":{"start":{"line":12,"column":41},"end":{"line":22,"column":1}},"line":12},"1":{"name":"ensureLoggedIn","decl":{"start":{"line":26,"column":9},"end":{"line":26,"column":23}},"loc":{"start":{"line":26,"column":40},"end":{"line":30,"column":1}},"line":26},"2":{"name":"ensureCorrectUser","decl":{"start":{"line":34,"column":9},"end":{"line":34,"column":26}},"loc":{"start":{"line":34,"column":43},"end":{"line":43,"column":1}},"line":34}},"branchMap":{"0":{"loc":{"start":{"line":14,"column":29},"end":{"line":14,"column":64}},"type":"binary-expr","locations":[{"start":{"line":14,"column":29},"end":{"line":14,"column":45}},{"start":{"line":14,"column":49},"end":{"line":14,"column":64}}],"line":14},"1":{"loc":{"start":{"line":27,"column":2},"end":{"line":27,"column":54}},"type":"if","locations":[{"start":{"line":27,"column":2},"end":{"line":27,"column":54}},{"start":{},"end":{}}],"line":27},"2":{"loc":{"start":{"line":38,"column":0},"end":{"line":40,"column":1}},"type":"if","locations":[{"start":{"line":38,"column":0},"end":{"line":40,"column":1}},{"start":{},"end":{}}],"line":38},"3":{"loc":{"start":{"line":38,"column":4},"end":{"line":38,"column":43}},"type":"binary-expr","locations":[{"start":{"line":38,"column":4},"end":{"line":38,"column":16}},{"start":{"line":38,"column":20},"end":{"line":38,"column":43}}],"line":38}},"s":{"0":3,"1":3,"2":3,"3":18,"4":18,"5":18,"6":12,"7":12,"8":6,"9":14,"10":2,"11":12,"12":6,"13":6,"14":6,"15":3,"16":3,"17":3},"f":{"0":18,"1":14,"2":6},"b":{"0":[18,8],"1":[2,12],"2":[3,3],"3":[6,6]},"_coverageSchema":"1a1c01bbd47fc00a2c39e90264f33305004495a9","hash":"3f8cf145465fe8c6490dbaaa1e7862dee07151a8"}
,"/home/amcbroom/rithm/exercises/express-messagely/models/message.js": {"path":"/home/amcbroom/rithm/exercises/express-messagely/models/message.js","statementMap":{"0":{"start":{"line":5,"column":11},"end":{"line":5,"column":27}},"1":{"start":{"line":6,"column":15},"end":{"line":6,"column":32}},"2":{"start":{"line":17,"column":19},"end":{"line":25,"column":43}},"3":{"start":{"line":27,"column":4},"end":{"line":27,"column":26}},"4":{"start":{"line":39,"column":19},"end":{"line":44,"column":13}},"5":{"start":{"line":45,"column":20},"end":{"line":45,"column":34}},"6":{"start":{"line":47,"column":4},"end":{"line":47,"column":68}},"7":{"start":{"line":47,"column":18},"end":{"line":47,"column":68}},"8":{"start":{"line":49,"column":4},"end":{"line":49,"column":19}},"9":{"start":{"line":61,"column":19},"end":{"line":78,"column":13}},"10":{"start":{"line":80,"column":12},"end":{"line":80,"column":26}},"11":{"start":{"line":82,"column":4},"end":{"line":82,"column":62}},"12":{"start":{"line":82,"column":12},"end":{"line":82,"column":62}},"13":{"start":{"line":84,"column":4},"end":{"line":101,"column":6}},"14":{"start":{"line":106,"column":0},"end":{"line":106,"column":25}}},"fnMap":{"0":{"name":"(anonymous_0)","decl":{"start":{"line":16,"column":2},"end":{"line":16,"column":3}},"loc":{"start":{"line":16,"column":60},"end":{"line":28,"column":3}},"line":16},"1":{"name":"(anonymous_1)","decl":{"start":{"line":38,"column":2},"end":{"line":38,"column":3}},"loc":{"start":{"line":38,"column":28},"end":{"line":50,"column":3}},"line":38},"2":{"name":"(anonymous_2)","decl":{"start":{"line":60,"column":2},"end":{"line":60,"column":3}},"loc":{"start":{"line":60,"column":23},"end":{"line":102,"column":3}},"line":60}},"branchMap":{"0":{"loc":{"start":{"line":47,"column":4},"end":{"line":47,"column":68}},"type":"if","locations":[{"start":{"line":47,"column":4},"end":{"line":47,"column":68}},{"start":{},"end":{}}],"line":47},"1":{"loc":{"start":{"line":82,"column":4},"end":{"line":82,"column":62}},"type":"if","locations":[{"start":{"line":82,"column":4},"end":{"line":82,"column":62}},{"start":{},"end":{}}],"line":82}},"s":{"0":5,"1":5,"2":27,"3":27,"4":2,"5":2,"6":2,"7":0,"8":2,"9":5,"10":5,"11":5,"12":0,"13":5,"14":5},"f":{"0":27,"1":2,"2":5},"b":{"0":[0,2],"1":[0,5]},"_coverageSchema":"1a1c01bbd47fc00a2c39e90264f33305004495a9","hash":"b68aca395f4fd2958ad87cb35628be69eff44da8"}
,"/home/amcbroom/rithm/exercises/express-messagely/models/user.js": {"path":"/home/amcbroom/rithm/exercises/express-messagely/models/user.js","statementMap":{"0":{"start":{"line":3,"column":11},"end":{"line":3,"column":27}},"1":{"start":{"line":4,"column":15},"end":{"line":4,"column":32}},"2":{"start":{"line":5,"column":31},"end":{"line":5,"column":51}},"3":{"start":{"line":6,"column":26},"end":{"line":6,"column":52}},"4":{"start":{"line":17,"column":27},"end":{"line":17,"column":74}},"5":{"start":{"line":18,"column":20},"end":{"line":33,"column":5}},"6":{"start":{"line":34,"column":4},"end":{"line":34,"column":27}},"7":{"start":{"line":41,"column":20},"end":{"line":46,"column":5}},"8":{"start":{"line":48,"column":17},"end":{"line":48,"column":32}},"9":{"start":{"line":50,"column":4},"end":{"line":50,"column":73}},"10":{"start":{"line":56,"column":20},"end":{"line":62,"column":5}},"11":{"start":{"line":64,"column":4},"end":{"line":66,"column":5}},"12":{"start":{"line":65,"column":6},"end":{"line":65,"column":63}},"13":{"start":{"line":68,"column":4},"end":{"line":68,"column":27}},"14":{"start":{"line":75,"column":20},"end":{"line":81,"column":5}},"15":{"start":{"line":83,"column":4},"end":{"line":83,"column":24}},"16":{"start":{"line":96,"column":20},"end":{"line":106,"column":5}},"17":{"start":{"line":108,"column":4},"end":{"line":110,"column":5}},"18":{"start":{"line":109,"column":6},"end":{"line":109,"column":63}},"19":{"start":{"line":111,"column":4},"end":{"line":111,"column":27}},"20":{"start":{"line":123,"column":20},"end":{"line":136,"column":5}},"21":{"start":{"line":138,"column":4},"end":{"line":140,"column":5}},"22":{"start":{"line":139,"column":6},"end":{"line":139,"column":63}},"23":{"start":{"line":142,"column":24},"end":{"line":155,"column":6}},"24":{"start":{"line":143,"column":6},"end":{"line":154,"column":7}},"25":{"start":{"line":157,"column":4},"end":{"line":157,"column":23}},"26":{"start":{"line":169,"column":20},"end":{"line":182,"column":5}},"27":{"start":{"line":184,"column":4},"end":{"line":186,"column":5}},"28":{"start":{"line":185,"column":6},"end":{"line":185,"column":63}},"29":{"start":{"line":188,"column":24},"end":{"line":201,"column":6}},"30":{"start":{"line":189,"column":6},"end":{"line":200,"column":7}},"31":{"start":{"line":203,"column":4},"end":{"line":203,"column":23}},"32":{"start":{"line":208,"column":0},"end":{"line":208,"column":22}}},"fnMap":{"0":{"name":"(anonymous_0)","decl":{"start":{"line":16,"column":2},"end":{"line":16,"column":3}},"loc":{"start":{"line":16,"column":78},"end":{"line":36,"column":3}},"line":16},"1":{"name":"(anonymous_1)","decl":{"start":{"line":40,"column":2},"end":{"line":40,"column":3}},"loc":{"start":{"line":40,"column":48},"end":{"line":51,"column":3}},"line":40},"2":{"name":"(anonymous_2)","decl":{"start":{"line":55,"column":2},"end":{"line":55,"column":3}},"loc":{"start":{"line":55,"column":46},"end":{"line":69,"column":3}},"line":55},"3":{"name":"(anonymous_3)","decl":{"start":{"line":74,"column":2},"end":{"line":74,"column":3}},"loc":{"start":{"line":74,"column":21},"end":{"line":84,"column":3}},"line":74},"4":{"name":"(anonymous_4)","decl":{"start":{"line":95,"column":2},"end":{"line":95,"column":3}},"loc":{"start":{"line":95,"column":29},"end":{"line":112,"column":3}},"line":95},"5":{"name":"(anonymous_5)","decl":{"start":{"line":122,"column":2},"end":{"line":122,"column":3}},"loc":{"start":{"line":122,"column":38},"end":{"line":158,"column":3}},"line":122},"6":{"name":"(anonymous_6)","decl":{"start":{"line":142,"column":41},"end":{"line":142,"column":42}},"loc":{"start":{"line":142,"column":46},"end":{"line":155,"column":5}},"line":142},"7":{"name":"(anonymous_7)","decl":{"start":{"line":168,"column":2},"end":{"line":168,"column":3}},"loc":{"start":{"line":168,"column":36},"end":{"line":204,"column":3}},"line":168},"8":{"name":"(anonymous_8)","decl":{"start":{"line":188,"column":41},"end":{"line":188,"column":42}},"loc":{"start":{"line":188,"column":46},"end":{"line":201,"column":5}},"line":188}},"branchMap":{"0":{"loc":{"start":{"line":50,"column":11},"end":{"line":50,"column":73}},"type":"binary-expr","locations":[{"start":{"line":50,"column":11},"end":{"line":50,"column":15}},{"start":{"line":50,"column":19},"end":{"line":50,"column":73}}],"line":50},"1":{"loc":{"start":{"line":64,"column":4},"end":{"line":66,"column":5}},"type":"if","locations":[{"start":{"line":64,"column":4},"end":{"line":66,"column":5}},{"start":{},"end":{}}],"line":64},"2":{"loc":{"start":{"line":108,"column":4},"end":{"line":110,"column":5}},"type":"if","locations":[{"start":{"line":108,"column":4},"end":{"line":110,"column":5}},{"start":{},"end":{}}],"line":108},"3":{"loc":{"start":{"line":138,"column":4},"end":{"line":140,"column":5}},"type":"if","locations":[{"start":{"line":138,"column":4},"end":{"line":140,"column":5}},{"start":{},"end":{}}],"line":138},"4":{"loc":{"start":{"line":184,"column":4},"end":{"line":186,"column":5}},"type":"if","locations":[{"start":{"line":184,"column":4},"end":{"line":186,"column":5}},{"start":{},"end":{}}],"line":184}},"s":{"0":5,"1":5,"2":5,"3":5,"4":50,"5":50,"6":50,"7":5,"8":5,"9":5,"10":2,"11":2,"12":0,"13":2,"14":2,"15":2,"16":4,"17":4,"18":0,"19":4,"20":2,"21":2,"22":0,"23":2,"24":2,"25":2,"26":2,"27":2,"28":0,"29":2,"30":2,"31":2,"32":5},"f":{"0":50,"1":5,"2":2,"3":2,"4":4,"5":2,"6":2,"7":2,"8":2},"b":{"0":[5,4],"1":[0,2],"2":[0,4],"3":[0,2],"4":[0,2]},"_coverageSchema":"1a1c01bbd47fc00a2c39e90264f33305004495a9","hash":"35b750a2a6d08095490145758e93ce07e3f450a0"}
,"/home/amcbroom/rithm/exercises/express-messagely/routes/auth.js": {"path":"/home/amcbroom/rithm/exercises/express-messagely/routes/auth.js","statementMap":{"0":{"start":{"line":3,"column":15},"end":{"line":3,"column":40}},"1":{"start":{"line":4,"column":15},"end":{"line":4,"column":27}},"2":{"start":{"line":5,"column":12},"end":{"line":5,"column":35}},"3":{"start":{"line":6,"column":13},"end":{"line":6,"column":38}},"4":{"start":{"line":7,"column":23},"end":{"line":7,"column":43}},"5":{"start":{"line":8,"column":47},"end":{"line":8,"column":73}},"6":{"start":{"line":11,"column":0},"end":{"line":25,"column":3}},"7":{"start":{"line":12,"column":31},"end":{"line":12,"column":39}},"8":{"start":{"line":14,"column":2},"end":{"line":16,"column":3}},"9":{"start":{"line":15,"column":4},"end":{"line":15,"column":59}},"10":{"start":{"line":18,"column":2},"end":{"line":22,"column":3}},"11":{"start":{"line":19,"column":18},"end":{"line":19,"column":62}},"12":{"start":{"line":20,"column":4},"end":{"line":20,"column":40}},"13":{"start":{"line":21,"column":4},"end":{"line":21,"column":31}},"14":{"start":{"line":24,"column":2},"end":{"line":24,"column":53}},"15":{"start":{"line":34,"column":0},"end":{"line":49,"column":3}},"16":{"start":{"line":36,"column":15},"end":{"line":36,"column":23}},"17":{"start":{"line":38,"column":2},"end":{"line":40,"column":3}},"18":{"start":{"line":39,"column":4},"end":{"line":39,"column":67}},"19":{"start":{"line":43,"column":15},"end":{"line":43,"column":42}},"20":{"start":{"line":44,"column":16},"end":{"line":44,"column":65}},"21":{"start":{"line":48,"column":2},"end":{"line":48,"column":29}},"22":{"start":{"line":53,"column":0},"end":{"line":53,"column":24}}},"fnMap":{"0":{"name":"(anonymous_0)","decl":{"start":{"line":11,"column":22},"end":{"line":11,"column":23}},"loc":{"start":{"line":11,"column":48},"end":{"line":25,"column":1}},"line":11},"1":{"name":"(anonymous_1)","decl":{"start":{"line":34,"column":25},"end":{"line":34,"column":26}},"loc":{"start":{"line":34,"column":51},"end":{"line":49,"column":1}},"line":34}},"branchMap":{"0":{"loc":{"start":{"line":14,"column":2},"end":{"line":16,"column":3}},"type":"if","locations":[{"start":{"line":14,"column":2},"end":{"line":16,"column":3}},{"start":{},"end":{}}],"line":14},"1":{"loc":{"start":{"line":18,"column":2},"end":{"line":22,"column":3}},"type":"if","locations":[{"start":{"line":18,"column":2},"end":{"line":22,"column":3}},{"start":{},"end":{}}],"line":18},"2":{"loc":{"start":{"line":38,"column":2},"end":{"line":40,"column":3}},"type":"if","locations":[{"start":{"line":38,"column":2},"end":{"line":40,"column":3}},{"start":{},"end":{}}],"line":38}},"s":{"0":3,"1":3,"2":3,"3":3,"4":3,"5":3,"6":3,"7":3,"8":3,"9":0,"10":3,"11":1,"12":1,"13":1,"14":2,"15":3,"16":1,"17":1,"18":0,"19":1,"20":1,"21":1,"22":3},"f":{"0":3,"1":1},"b":{"0":[0,3],"1":[1,2],"2":[0,1]},"_coverageSchema":"1a1c01bbd47fc00a2c39e90264f33305004495a9","hash":"4634e6af97d4fee16fe5e8ee3067f88abc644206"}
,"/home/amcbroom/rithm/exercises/express-messagely/routes/messages.js": {"path":"/home/amcbroom/rithm/exercises/express-messagely/routes/messages.js","statementMap":{"0":{"start":{"line":3,"column":15},"end":{"line":3,"column":40}},"1":{"start":{"line":4,"column":15},"end":{"line":4,"column":27}},"2":{"start":{"line":5,"column":30},"end":{"line":5,"column":56}},"3":{"start":{"line":6,"column":46},"end":{"line":6,"column":75}},"4":{"start":{"line":7,"column":16},"end":{"line":7,"column":44}},"5":{"start":{"line":21,"column":0},"end":{"line":43,"column":3}},"6":{"start":{"line":24,"column":13},"end":{"line":24,"column":26}},"7":{"start":{"line":25,"column":18},"end":{"line":25,"column":39}},"8":{"start":{"line":27,"column":20},"end":{"line":27,"column":44}},"9":{"start":{"line":30,"column":2},"end":{"line":39,"column":3}},"10":{"start":{"line":33,"column":6},"end":{"line":33,"column":43}},"11":{"start":{"line":34,"column":6},"end":{"line":34,"column":57}},"12":{"start":{"line":35,"column":6},"end":{"line":35,"column":53}},"13":{"start":{"line":37,"column":4},"end":{"line":37,"column":48}},"14":{"start":{"line":41,"column":2},"end":{"line":41,"column":40}},"15":{"start":{"line":52,"column":0},"end":{"line":67,"column":3}},"16":{"start":{"line":55,"column":32},"end":{"line":55,"column":40}},"17":{"start":{"line":57,"column":18},"end":{"line":61,"column":4}},"18":{"start":{"line":63,"column":2},"end":{"line":65,"column":23}},"19":{"start":{"line":77,"column":0},"end":{"line":92,"column":3}},"20":{"start":{"line":80,"column":13},"end":{"line":80,"column":26}},"21":{"start":{"line":81,"column":19},"end":{"line":81,"column":43}},"22":{"start":{"line":83,"column":18},"end":{"line":83,"column":39}},"23":{"start":{"line":85,"column":2},"end":{"line":87,"column":3}},"24":{"start":{"line":86,"column":4},"end":{"line":86,"column":48}},"25":{"start":{"line":89,"column":22},"end":{"line":89,"column":48}},"26":{"start":{"line":91,"column":2},"end":{"line":91,"column":35}},"27":{"start":{"line":96,"column":0},"end":{"line":96,"column":24}}},"fnMap":{"0":{"name":"(anonymous_0)","decl":{"start":{"line":23,"column":2},"end":{"line":23,"column":3}},"loc":{"start":{"line":23,"column":28},"end":{"line":43,"column":1}},"line":23},"1":{"name":"(anonymous_1)","decl":{"start":{"line":54,"column":2},"end":{"line":54,"column":3}},"loc":{"start":{"line":54,"column":28},"end":{"line":67,"column":1}},"line":54},"2":{"name":"(anonymous_2)","decl":{"start":{"line":79,"column":2},"end":{"line":79,"column":3}},"loc":{"start":{"line":79,"column":28},"end":{"line":92,"column":1}},"line":79}},"branchMap":{"0":{"loc":{"start":{"line":30,"column":2},"end":{"line":39,"column":3}},"type":"if","locations":[{"start":{"line":30,"column":2},"end":{"line":39,"column":3}},{"start":{},"end":{}}],"line":30},"1":{"loc":{"start":{"line":30,"column":6},"end":{"line":31,"column":42}},"type":"binary-expr","locations":[{"start":{"line":30,"column":6},"end":{"line":30,"column":46}},{"start":{"line":31,"column":4},"end":{"line":31,"column":42}}],"line":30},"2":{"loc":{"start":{"line":85,"column":2},"end":{"line":87,"column":3}},"type":"if","locations":[{"start":{"line":85,"column":2},"end":{"line":87,"column":3}},{"start":{},"end":{}}],"line":85}},"s":{"0":3,"1":3,"2":3,"3":3,"4":3,"5":3,"6":2,"7":2,"8":2,"9":2,"10":1,"11":1,"12":1,"13":1,"14":1,"15":3,"16":1,"17":1,"18":1,"19":3,"20":2,"21":2,"22":2,"23":2,"24":1,"25":1,"26":1,"27":3},"f":{"0":2,"1":1,"2":2},"b":{"0":[1,1],"1":[2,2],"2":[1,1]},"_coverageSchema":"1a1c01bbd47fc00a2c39e90264f33305004495a9","hash":"5939bd46469686e81004fa200a949aa6843b4ccc"}
,"/home/amcbroom/rithm/exercises/express-messagely/routes/users.js": {"path":"/home/amcbroom/rithm/exercises/express-messagely/routes/users.js","statementMap":{"0":{"start":{"line":3,"column":15},"end":{"line":3,"column":40}},"1":{"start":{"line":4,"column":46},"end":{"line":4,"column":75}},"2":{"start":{"line":5,"column":13},"end":{"line":5,"column":38}},"3":{"start":{"line":6,"column":15},"end":{"line":6,"column":27}},"4":{"start":{"line":15,"column":0},"end":{"line":21,"column":3}},"5":{"start":{"line":18,"column":16},"end":{"line":18,"column":32}},"6":{"start":{"line":20,"column":2},"end":{"line":20,"column":27}},"7":{"start":{"line":29,"column":0},"end":{"line":37,"column":2}},"8":{"start":{"line":33,"column":17},"end":{"line":33,"column":52}},"9":{"start":{"line":35,"column":4},"end":{"line":35,"column":28}},"10":{"start":{"line":50,"column":0},"end":{"line":58,"column":2}},"11":{"start":{"line":54,"column":21},"end":{"line":54,"column":63}},"12":{"start":{"line":56,"column":4},"end":{"line":56,"column":32}},"13":{"start":{"line":71,"column":0},"end":{"line":79,"column":2}},"14":{"start":{"line":75,"column":21},"end":{"line":75,"column":65}},"15":{"start":{"line":77,"column":4},"end":{"line":77,"column":32}},"16":{"start":{"line":81,"column":0},"end":{"line":81,"column":24}}},"fnMap":{"0":{"name":"(anonymous_0)","decl":{"start":{"line":17,"column":2},"end":{"line":17,"column":3}},"loc":{"start":{"line":17,"column":28},"end":{"line":21,"column":1}},"line":17},"1":{"name":"(anonymous_1)","decl":{"start":{"line":32,"column":2},"end":{"line":32,"column":3}},"loc":{"start":{"line":32,"column":28},"end":{"line":36,"column":3}},"line":32},"2":{"name":"(anonymous_2)","decl":{"start":{"line":53,"column":2},"end":{"line":53,"column":3}},"loc":{"start":{"line":53,"column":28},"end":{"line":57,"column":3}},"line":53},"3":{"name":"(anonymous_3)","decl":{"start":{"line":74,"column":2},"end":{"line":74,"column":3}},"loc":{"start":{"line":74,"column":28},"end":{"line":78,"column":3}},"line":74}},"branchMap":{},"s":{"0":3,"1":3,"2":3,"3":3,"4":3,"5":1,"6":1,"7":3,"8":1,"9":1,"10":3,"11":1,"12":1,"13":3,"14":1,"15":1,"16":3},"f":{"0":1,"1":1,"2":1,"3":1},"b":{},"_coverageSchema":"1a1c01bbd47fc00a2c39e90264f33305004495a9","hash":"88640248a5b2675a2d6abc002f1d69af332307d9"}
}
