TN:
SF:app.js
FN:35,(anonymous_0)
FN:40,(anonymous_1)
FNF:2
FNH:1
FNDA:0,(anonymous_0)
FNDA:9,(anonymous_1)
DA:6,3
DA:7,3
DA:8,3
DA:10,3
DA:11,3
DA:14,3
DA:15,3
DA:18,3
DA:21,3
DA:25,3
DA:26,3
DA:27,3
DA:29,3
DA:30,3
DA:31,3
DA:35,3
DA:36,0
DA:40,3
DA:41,9
DA:42,9
DA:43,9
DA:44,9
DA:50,3
LF:23
LH:22
BRDA:41,0,0,9
BRDA:41,0,1,0
BRDA:43,1,0,0
BRDA:43,1,1,9
BRF:4
BRH:2
end_of_record
TN:
SF:config.js
FNF:0
FNH:0
DA:7,5
DA:9,5
DA:13,5
DA:15,5
DA:18,5
LF:5
LH:5
BRDA:9,0,0,5
BRDA:9,0,1,0
BRDA:13,1,0,5
BRDA:13,1,1,5
BRF:4
BRH:3
end_of_record
TN:
SF:db.js
FNF:0
FNH:0
DA:6,5
DA:7,5
DA:9,5
DA:11,5
DA:14,5
LF:5
LH:5
BRF:0
BRH:0
end_of_record
TN:
SF:expressError.js
FN:10,(anonymous_0)
FN:20,(anonymous_1)
FN:28,(anonymous_2)
FN:36,(anonymous_3)
FN:44,(anonymous_4)
FNF:5
FNH:2
FNDA:9,(anonymous_0)
FNDA:0,(anonymous_1)
FNDA:9,(anonymous_2)
FNDA:0,(anonymous_3)
FNDA:0,(anonymous_4)
DA:11,9
DA:12,9
DA:13,9
DA:21,0
DA:29,9
DA:37,0
DA:45,0
DA:49,5
LF:8
LH:5
BRDA:20,0,0,0
BRDA:28,1,0,5
BRDA:36,2,0,0
BRDA:44,3,0,0
BRF:4
BRH:1
end_of_record
TN:
SF:middleware/auth.js
FN:12,authenticateJWT
FN:26,ensureLoggedIn
FN:34,ensureCorrectUser
FNF:3
FNH:3
FNDA:18,authenticateJWT
FNDA:14,ensureLoggedIn
FNDA:6,ensureCorrectUser
DA:5,3
DA:6,3
DA:7,3
DA:13,18
DA:14,18
DA:15,18
DA:16,12
DA:17,12
DA:20,6
DA:27,14
DA:29,12
DA:35,6
DA:36,6
DA:38,6
DA:39,3
DA:42,3
DA:47,3
LF:17
LH:17
BRDA:14,0,0,18
BRDA:14,0,1,8
BRDA:27,1,0,2
BRDA:27,1,1,12
BRDA:38,2,0,3
BRDA:38,2,1,3
BRDA:38,3,0,6
BRDA:38,3,1,6
BRF:8
BRH:8
end_of_record
TN:
SF:models/message.js
FN:16,(anonymous_0)
FN:38,(anonymous_1)
FN:60,(anonymous_2)
FNF:3
FNH:3
FNDA:27,(anonymous_0)
FNDA:2,(anonymous_1)
FNDA:5,(anonymous_2)
DA:5,5
DA:6,5
DA:17,27
DA:27,27
DA:39,2
DA:45,2
DA:47,2
DA:49,2
DA:61,5
DA:80,5
DA:82,5
DA:84,5
DA:106,5
LF:13
LH:13
BRDA:47,0,0,0
BRDA:47,0,1,2
BRDA:82,1,0,0
BRDA:82,1,1,5
BRF:4
BRH:2
end_of_record
TN:
SF:models/user.js
FN:16,(anonymous_0)
FN:40,(anonymous_1)
FN:55,(anonymous_2)
FN:74,(anonymous_3)
FN:95,(anonymous_4)
FN:122,(anonymous_5)
FN:142,(anonymous_6)
FN:168,(anonymous_7)
FN:188,(anonymous_8)
FNF:9
FNH:9
FNDA:50,(anonymous_0)
FNDA:5,(anonymous_1)
FNDA:2,(anonymous_2)
FNDA:2,(anonymous_3)
FNDA:4,(anonymous_4)
FNDA:2,(anonymous_5)
FNDA:2,(anonymous_6)
FNDA:2,(anonymous_7)
FNDA:2,(anonymous_8)
DA:3,5
DA:4,5
DA:5,5
DA:6,5
DA:17,50
DA:18,50
DA:34,50
DA:41,5
DA:48,5
DA:50,5
DA:56,2
DA:64,2
DA:65,0
DA:68,2
DA:75,2
DA:83,2
DA:96,4
DA:108,4
DA:109,0
DA:111,4
DA:123,2
DA:138,2
DA:139,0
DA:142,2
DA:143,2
DA:157,2
DA:169,2
DA:184,2
DA:185,0
DA:188,2
DA:189,2
DA:203,2
DA:208,5
LF:33
LH:29
BRDA:50,0,0,5
BRDA:50,0,1,4
BRDA:64,1,0,0
BRDA:64,1,1,2
BRDA:108,2,0,0
BRDA:108,2,1,4
BRDA:138,3,0,0
BRDA:138,3,1,2
BRDA:184,4,0,0
BRDA:184,4,1,2
BRF:10
BRH:6
end_of_record
TN:
SF:routes/auth.js
FN:11,(anonymous_0)
FN:34,(anonymous_1)
FNF:2
FNH:2
FNDA:3,(anonymous_0)
FNDA:1,(anonymous_1)
DA:3,3
DA:4,3
DA:5,3
DA:6,3
DA:7,3
DA:8,3
DA:11,3
DA:12,3
DA:14,3
DA:15,0
DA:18,3
DA:19,1
DA:20,1
DA:21,1
DA:24,2
DA:34,3
DA:36,1
DA:38,1
DA:39,0
DA:43,1
DA:44,1
DA:48,1
DA:53,3
LF:23
LH:21
BRDA:14,0,0,0
BRDA:14,0,1,3
BRDA:18,1,0,1
BRDA:18,1,1,2
BRDA:38,2,0,0
BRDA:38,2,1,1
BRF:6
BRH:4
end_of_record
TN:
SF:routes/messages.js
FN:23,(anonymous_0)
FN:54,(anonymous_1)
FN:79,(anonymous_2)
FNF:3
FNH:3
FNDA:2,(anonymous_0)
FNDA:1,(anonymous_1)
FNDA:2,(anonymous_2)
DA:3,3
DA:4,3
DA:5,3
DA:6,3
DA:7,3
DA:21,3
DA:24,2
DA:25,2
DA:27,2
DA:30,2
DA:33,1
DA:34,1
DA:35,1
DA:37,1
DA:41,1
DA:52,3
DA:55,1
DA:57,1
DA:63,1
DA:77,3
DA:80,2
DA:81,2
DA:83,2
DA:85,2
DA:86,1
DA:89,1
DA:91,1
DA:96,3
LF:28
LH:28
BRDA:30,0,0,1
BRDA:30,0,1,1
BRDA:30,1,0,2
BRDA:30,1,1,2
BRDA:85,2,0,1
BRDA:85,2,1,1
BRF:6
BRH:6
end_of_record
TN:
SF:routes/users.js
FN:17,(anonymous_0)
FN:32,(anonymous_1)
FN:53,(anonymous_2)
FN:74,(anonymous_3)
FNF:4
FNH:4
FNDA:1,(anonymous_0)
FNDA:1,(anonymous_1)
FNDA:1,(anonymous_2)
FNDA:1,(anonymous_3)
DA:3,3
DA:4,3
DA:5,3
DA:6,3
DA:15,3
DA:18,1
DA:20,1
DA:29,3
DA:33,1
DA:35,1
DA:50,3
DA:54,1
DA:56,1
DA:71,3
DA:75,1
DA:77,1
DA:81,3
LF:17
LH:17
BRF:0
BRH:0
end_of_record
